Der Buildvorgang wurde am 05.01.2016 12:02:26 gestartet.
     1>Projekt "C:\a_privat\proggen\workspace\cg_aquarium\CGTutorial.vcxproj" auf Knoten "2", Build Ziel(e).
     1>ClCompile:
         C:\Program Files (x86)\Microsoft Visual Studio 11.0\VC\bin\CL.exe /c /I"external\glfw-3.0" /I"external\glm-0.9.4.0" /I"external\glew-1.9.0" /Zi /nologo /W3 /WX- /MP /Od /Ob0 /Oy- /D WIN32 /D _WINDOWS /D _DEBUG /D TW_STATIC /D TW_NO_LIB_PRAGMA /D TW_NO_DIRECT3D /D GLEW_STATIC /D _CRT_SECURE_NO_WARNINGS /D "CMAKE_INTDIR=\"Debug\"" /D _MBCS /Gm- /EHsc /RTC1 /MDd /GS /fp:precise /Zc:wchar_t /Zc:forScope /GR /Fo"Debug\\" /Fd"Debug\vc110.pdb" /Gd /TP /analyze- /errorReport:prompt Token.cpp
         Token.cpp
     1>Token.cpp(5): error C2511: 'Token::Token(void)': Überladene Memberfunktion nicht in 'Token' gefunden
                 c:\a_privat\proggen\workspace\cg_aquarium\Token.hpp(17): Siehe Deklaration von 'Token'
     1>Token.cpp(10): error C2600: 'Token::~Token': Vom Compiler generierte spezielle Memberfunktion kann nicht definiert werden (vorherige Deklaration in der Klasse erforderlich)
     1>Die Erstellung des Projekts "C:\a_privat\proggen\workspace\cg_aquarium\CGTutorial.vcxproj" ist abgeschlossen, Build Ziel(e) -- FEHLER.

Fehler beim Buildvorgang.

Verstrichene Zeit 00:00:01.20
